"Severity","ThreadID","Date","Time","Application","Message"
"ERROR","web-0","03/16/2013","15:34:38","","End Tag [cfabort] is not allowed, for this tag only a Start Tag is allowed"
"ERROR","web-0","03/16/2013","15:34:53","","No matching function [MODE] found"
"ERROR","web-0","03/16/2013","15:35:04","","invalid component definition, can't find panoramicam.wheels.Connection"
"ERROR","web-0","03/16/2013","17:48:27","","key [dbmigrate] doesn't exist in struct (keys:)"
"ERROR","web-0","03/16/2013","17:48:59","","key [NAME] doesn't exist in struct (keys:ROUTE,action,controller,view)"
"ERROR","web-0","03/16/2013","18:10:42","","Attribute variables is not allowed for tag cfoutput; valid attribute names are [query,group,groupcasesensitive,startrow,maxrows,endrow]"
"ERROR","web-0","03/16/2013","18:10:55","","Attribute variables is not allowed for tag cfoutput; valid attribute names are [query,group,groupcasesensitive,startrow,maxrows,endrow]"
"ERROR","web-0","03/16/2013","18:11:05","","Attribute variables is not allowed for tag cfoutput; valid attribute names are [query,group,groupcasesensitive,startrow,maxrows,endrow]"
"ERROR","web-0","03/16/2013","18:11:20","","Can't cast Complex Object Type Struct to String; Use Built-In-Function ""serialize(Struct):String"" to create a String from Struct"
"ERROR","web-0","03/16/2013","18:23:33","","invalid component definition, can't find panoramicam.wheels.Connection"
"ERROR","web-0","03/16/2013","18:26:00","","java.lang.NullPointerException"
"ERROR","web-0","03/16/2013","18:26:00","","key [WHEELS] doesn't exist in struct (keys:applicationname)"
"ERROR","web-0","03/16/2013","18:26:04","","key [WHEELS] doesn't exist in struct (keys:applicationname)"
"ERROR","web-0","03/16/2013","18:26:09","","key [passwordserver] doesn't exist in struct (keys:)"
"ERROR","web-0","03/16/2013","18:26:19","","java.lang.NullPointerException"
"ERROR","web-0","03/16/2013","18:26:20","","key [WHEELS] doesn't exist in struct (keys:applicationname)"
"ERROR","web-0","03/16/2013","18:26:31","","java.lang.NullPointerException"
"ERROR","web-0","03/16/2013","18:26:32","","key [WHEELS] doesn't exist in struct (keys:applicationname)"
"ERROR","web-0","03/16/2013","18:27:47","","java.lang.NullPointerException"
"ERROR","web-0","03/16/2013","18:27:47","","key [WHEELS] doesn't exist in struct (keys:applicationname)"
"ERROR","web-0","03/16/2013","18:28:20","","key [WHEELS] doesn't exist in struct (keys:applicationname)"
"ERROR","web-0","03/16/2013","18:36:35","","Invalid Syntax Closing [)] for function [startFormTag] not found"
"ERROR","web-0","03/16/2013","18:37:03","","Can't cast Object type [user defined function (endFormTag)] to a value of type [string]; Java type of the object is railo.runtime.type.UDFImpl"
"ERROR","web-0","03/16/2013","18:53:59","","key [USER] doesn't exist in struct (keys:ROUTE,action,controller)"
"ERROR","web-0","03/16/2013","18:54:19","","key [USER] doesn't exist in struct (keys:action,controller)"
"ERROR","web-0","03/16/2013","18:56:59","","The parameter parameterize to function $save is required but was not passed in."
"ERROR","web-0","03/16/2013","18:57:24","","No value specified for parameter 5"
"ERROR","web-0","03/16/2013","18:58:33","","No value specified for parameter 5"
"ERROR","web-0","03/16/2013","19:07:29","","component [models.Person] has no  function with name [$initModelClass]"
"ERROR","web-0","03/16/2013","19:07:36","","component [models.Person] has no  function with name [$initModelClass]"
"ERROR","web-0","03/16/2013","19:10:05","","key [email] doesn't exist in struct (keys:onUpdate,onCreate,onSave)"
"ERROR","web-0","03/16/2013","19:24:17","","tag [cfset] is not closed"
"ERROR","web-0","03/16/2013","19:37:05","","key [USER] doesn't exist in struct (keys:ROUTE,action,controller,reload)"
"ERROR","web-0","03/16/2013","20:17:07","","Invalid Syntax Closing [)] for function [set] not found"
"ERROR","web-0","03/16/2013","20:50:01","","tag [cfset] is not closed"
"ERROR","web-0","03/16/2013","20:51:31","","key [PASSWORD] doesn't exist in struct (keys:email,passwordConfirmation)"
"ERROR","web-0","03/16/2013","20:51:59","","key [PASSWORD] doesn't exist in struct (keys:email,passwordConfirmation)"
"ERROR","web-0","03/16/2013","20:52:43","","key [USER] doesn't exist in struct (keys:action,controller,reload)"
"ERROR","web-0","03/16/2013","22:15:30","","Component [models.Person] has no accessible Member with name [ID]; enable [trigger data member] in admininistrator to also invoke getters and setters"
"ERROR","web-0","03/16/2013","22:17:04","","No matching function [REDIRECT] found"
"ERROR","web-0","03/16/2013","22:28:24","","No matching function [REDIRECT] found"
"ERROR","web-0","03/16/2013","22:57:03","","key [WHEELS] doesn't exist in struct (keys:applicationname)"
"ERROR","web-0","03/16/2013","22:58:15","","key [WHEELS] doesn't exist in struct (keys:applicationname)"
"ERROR","web-0","03/16/2013","23:18:22","","The parameter name to function model is required but was not passed in."
"ERROR","web-0","03/16/2013","23:18:39","","invalid component definition, can't find photo.Model"
"ERROR","web-0","03/16/2013","23:45:50","","key [URL_ID] doesn't exist in struct (keys:action,controller)"
"ERROR","web-0","03/16/2013","23:47:38","","The required parameter [user] was not provided."
"ERROR","web-0","03/16/2013","23:48:50","","The required parameter [user] was not provided."
"ERROR","web-0","03/16/2013","23:49:55","","key [USER] doesn't exist in struct (keys:action,controller)"
"ERROR","web-0","03/16/2013","23:50:49","","variable [USER] doesn't exist"
"ERROR","web-0","03/17/2013","01:49:28","","key [USER] doesn't exist in struct (keys:lastvisit,urltoken,cftoken,timecreated,sessionid,cfid)"
"ERROR","web-0","03/17/2013","01:50:11","","key [USER] doesn't exist in struct (keys:lastvisit,urltoken,cftoken,timecreated,sessionid,cfid)"
"ERROR","web-0","03/17/2013","01:50:15","","key [USER] doesn't exist in struct (keys:lastvisit,urltoken,cftoken,timecreated,sessionid,cfid)"
"ERROR","web-0","03/17/2013","02:26:06","","component [models.Photo] has no  function with name [$initModelClass]"
"ERROR","web-0","03/17/2013","02:26:52","","key [USER] doesn't exist in struct (keys:lastvisit,urltoken,cftoken,timecreated,sessionid,cfid)"
"ERROR","web-0","03/17/2013","02:49:57","","key [USERS] doesn't exist in struct (keys:action,controller,user)"
"ERROR","web-0","03/17/2013","02:52:15","","file or directory IMG_8096.jpeg not exist"
"ERROR","web-0","03/17/2013","02:53:34","","form field [IMG_8096.jpeg] is not a file field."
"ERROR","web-0","03/17/2013","02:55:07","","Attribute formfield is not allowed for tag cffile; valid attribute names are [acl,storeacl,action,serverpassword,source,attributes,destination,mode,filefield,charset,nameconflict,accept,strict,file,variable,output,addnewline,fixnewline,result]"
"ERROR","web-0","03/17/2013","02:57:32","","form field [filefield] is not a file field."
"ERROR","web-0","03/17/2013","02:58:42","","form field [user[url]] doesn't exist or has no content."
"ERROR","web-0","03/17/2013","03:02:40","","form field [user[url]] doesn't exist or has no content."
"ERROR","web-0","03/17/2013","03:03:36","","form field [user[IMG_8096.jpeg]] is not a file field."
"ERROR","web-0","03/17/2013","03:04:04","","form field [user[url]] doesn't exist or has no content."
"ERROR","web-0","03/17/2013","03:04:13","","form field [user] is not a file field."
"ERROR","web-0","03/17/2013","03:04:26","","form field [user[url]] doesn't exist or has no content."
"ERROR","web-0","03/17/2013","03:05:22","","form field [user[url]] doesn't exist or has no content."
"ERROR","web-0","03/17/2013","03:06:23","","form field [user-url] is not a file field."
"ERROR","web-0","03/17/2013","03:07:49","","form field [user[url]] doesn't exist or has no content."
"ERROR","web-0","03/17/2013","03:07:57","","form field [user[url]] doesn't exist or has no content."
"ERROR","web-0","03/17/2013","03:18:46","","Invalid Syntax Closing [)] for function [startFormTag] not found"
"ERROR","web-0","03/17/2013","03:21:43","","file or directory IMG_8096.jpeg not exist"
"ERROR","web-0","03/17/2013","03:22:37","","file or directory ../../images/panoramas/IMG_8096.jpeg not exist"
"ERROR","web-0","03/17/2013","03:27:07","","variable [USER] doesn't exist"
"ERROR","web-0","03/17/2013","03:28:09","","form field [user[url]] doesn't exist or has no content."
"ERROR","web-0","03/17/2013","03:28:28","","Can't cast Complex Object Type Struct to String; Use Built-In-Function ""serialize(Struct):String"" to create a String from Struct"
"ERROR","web-0","03/17/2013","03:28:55","","Can't cast Complex Object Type Struct to String; Use Built-In-Function ""serialize(Struct):String"" to create a String from Struct"
"ERROR","web-0","03/17/2013","03:29:03","","form field [IMG_8096.jpeg] is not a file field."
"ERROR","web-0","03/17/2013","03:29:59","","form field [user.url] is not a file field."
"ERROR","web-0","03/17/2013","03:30:08","","form field [user[url]] doesn't exist or has no content."
"ERROR","web-0","03/17/2013","03:30:17","","form field [user[ur]] is not a file field."
"ERROR","web-0","03/17/2013","03:30:31","","form field [user[url]] doesn't exist or has no content."
"ERROR","web-0","03/17/2013","03:42:43","","form field [user[url]] doesn't exist or has no content."
"ERROR","web-0","03/17/2013","03:44:44","","form field [user[url]] doesn't exist or has no content."
"ERROR","web-0","03/17/2013","03:45:17","","form field [url] is not a file field."
"ERROR","web-0","03/17/2013","03:48:05","","Can't cast Complex Object Type Struct to String; Use Built-In-Function ""serialize(Struct):String"" to create a String from Struct"
"ERROR","web-0","03/17/2013","03:48:29","","form field [url] is not a file field."
"ERROR","web-0","03/17/2013","03:48:42","","form field [user[url]] doesn't exist or has no content."
"ERROR","web-0","03/17/2013","03:49:33","","variable [FILE] doesn't exist"
"ERROR","web-0","03/17/2013","03:53:03","","variable [UPFILE] doesn't exist"
"ERROR","web-0","03/17/2013","03:53:29","","Can't cast Complex Object Type Struct to String; Use Built-In-Function ""serialize(Struct):String"" to create a String from Struct"
"ERROR","web-0","03/17/2013","03:54:39","","tag [cfset] is not closed"
"ERROR","web-0","03/17/2013","03:55:54","","tag [cfset] is not closed"
"ERROR","web-0","03/17/2013","03:56:12","","tag [cfset] is not closed"
"ERROR","web-0","03/17/2013","03:56:43","","tag [cfset] is not closed"
"ERROR","web-0","03/17/2013","03:57:11","","variable [FILE] doesn't exist"
"ERROR","web-0","03/17/2013","03:57:37","","form field [user[url]] doesn't exist or has no content."
"ERROR","web-0","03/17/2013","12:35:54","","key [USER] doesn't exist in struct (keys:lastvisit,urltoken,cftoken,timecreated,sessionid,cfid)"
"ERROR","web-0","03/17/2013","12:35:55","","key [USER] doesn't exist in struct (keys:lastvisit,urltoken,cftoken,timecreated,sessionid,cfid)"
"ERROR","web-0","03/17/2013","12:38:03","","Attribute property is not allowed for tag cffile; valid attribute names are [acl,storeacl,action,serverpassword,source,attributes,destination,mode,filefield,charset,nameconflict,accept,strict,file,variable,output,addnewline,fixnewline,result]"
"ERROR","web-0","03/17/2013","12:39:18","","Attribute property is not allowed for tag cffile; valid attribute names are [acl,storeacl,action,serverpassword,source,attributes,destination,mode,filefield,charset,nameconflict,accept,strict,file,variable,output,addnewline,fixnewline,result]"
"ERROR","web-0","03/17/2013","12:40:15","","Attribute property is not allowed for tag cffile; valid attribute names are [acl,storeacl,action,serverpassword,source,attributes,destination,mode,filefield,charset,nameconflict,accept,strict,file,variable,output,addnewline,fixnewline,result]"
"ERROR","web-0","03/17/2013","12:40:34","","no file send with this form"
"ERROR","web-0","03/19/2013","17:13:08","","key [USER] doesn't exist in struct (keys:lastvisit,urltoken,cftoken,timecreated,sessionid,cfid)"
"ERROR","web-0","03/19/2013","17:13:19","","key [USER] doesn't exist in struct (keys:lastvisit,urltoken,cftoken,timecreated,sessionid,cfid)"
"ERROR","web-0","03/19/2013","17:20:36","","Can't cast Complex Object Type Struct to String; Use Built-In-Function ""serialize(Struct):String"" to create a String from Struct"
"ERROR","web-0","03/19/2013","17:20:58","","form field [url] doesn't exist or has no content."
"ERROR","web-0","03/19/2013","17:24:07","","form field [user[url]] doesn't exist or has no content."
"ERROR","web-0","03/19/2013","17:24:23","","form field [user[url]] doesn't exist or has no content."
"ERROR","web-0","03/19/2013","17:27:52","","form field [user[url]] doesn't exist or has no content."
"ERROR","web-0","03/19/2013","17:31:15","","attribute destination has an invalid value [/Applications/railo-express-4.0.2.002-macosx/webapps/images/panoramas], directory [/Applications/railo-express-4.0.2.002-macosx/webapps/images] doesn't exist"
"ERROR","web-0","03/19/2013","17:32:40","","file or directory ../images/panoramas//Applications/railo-express-4.0.2.002-macosx/webapps/railo/WEB-INF/railo/temp/tmp-2.upload not exist"
"ERROR","web-0","03/19/2013","17:34:58","","destination file [/Applications/railo-express-4.0.2.002-macosx/webapps/railo/images/panoramas/IMG_8096.jpeg] already exist"
"ERROR","web-0","03/19/2013","17:37:51","","/Applications/railo-express-4.0.2.002-macosx/webapps/railo/images/panoramas (No such file or directory)"
"ERROR","web-0","03/19/2013","17:38:31","","/Applications/railo-express-4.0.2.002-macosx/webapps/railo/images/panoramas (No such file or directory)"
"ERROR","web-0","03/19/2013","17:39:18","","Can't cast Complex Object Type Struct to String; Use Built-In-Function ""serialize(Struct):String"" to create a String from Struct"
"ERROR","web-0","03/19/2013","17:46:25","","Attribute overwrite is not allowed for tag cffile; valid attribute names are [acl,storeacl,action,serverpassword,source,attributes,destination,mode,filefield,charset,nameconflict,accept,strict,file,variable,output,addnewline,fixnewline,result]"
"ERROR","web-0","03/19/2013","17:47:08","","can't overwrite existing image"
"ERROR","web-0","03/19/2013","17:49:55","","No matching property [FIRST_NAME] found in [boolean]"
"ERROR","web-0","03/19/2013","17:49:55","","No matching property [FIRST_NAME] found in [boolean]"
"ERROR","web-0","03/19/2013","17:49:55","","No matching property [FIRST_NAME] found in [boolean]"
"ERROR","web-0","03/19/2013","17:50:15","","No matching property [FIRST_NAME] found in [boolean]"
"ERROR","web-0","03/19/2013","17:50:15","","No matching property [FIRST_NAME] found in [boolean]"
"ERROR","web-0","03/19/2013","17:50:15","","No matching property [FIRST_NAME] found in [boolean]"
"ERROR","web-0","03/19/2013","17:59:28","","No matching Method/Function for String.getname() found"
"ERROR","web-0","03/19/2013","18:08:23","","No matching property [CLIENTFILE] found in [string]"
"ERROR","web-0","03/19/2013","18:08:38","","No matching property [VALUE] found in [string]"
"ERROR","web-0","03/19/2013","18:08:53","","No matching Method/Function for String.value() found"
"ERROR","web-0","03/19/2013","18:09:04","","No matching Method/Function for String.ClientFile() found"
"ERROR","web-0","03/19/2013","18:11:59","","the function upload has an invalid return value , can't cast Object type [Struct] to a value of type [void]"
"ERROR","web-0","03/19/2013","18:13:51","","destination file [/Applications/railo-express-4.0.2.002-macosx/webapps/railo/images/panoramas/IMG_8096.jpeg] already exist"
"ERROR","web-0","03/19/2013","18:14:01","","the function upload has an invalid return value , can't cast Object type [Struct] to a value of type [void]"
"ERROR","web-0","03/19/2013","18:16:19","","destination file [/Applications/railo-express-4.0.2.002-macosx/webapps/railo/images/panoramas/IMG_8096.jpeg] already exist"
"ERROR","web-0","03/19/2013","18:17:21","","can't cast String [IMG_8096.jpeg] to a value of type [void]"
"ERROR","web-0","03/19/2013","18:18:55","","can't cast String [IMG_8096.jpeg] to a value of type [void]"
"ERROR","web-0","03/19/2013","18:20:54","","can't cast String [IMG_8096.jpeg] to a value of type [void]"
"ERROR","web-0","03/19/2013","18:23:41","","destination file [/Applications/railo-express-4.0.2.002-macosx/webapps/railo/images/panoramas/IMG_8096.jpeg] already exist"
"ERROR","web-0","03/19/2013","18:23:48","","can't cast String [IMG_8096.jpeg] to a value of type [void]"
"ERROR","web-0","03/19/2013","18:24:17","","variable [PHOTOS] doesn't exist"
"ERROR","web-0","03/19/2013","18:32:12","","invalid call of the function new (/Applications/railo-express-4.0.2.002-macosx/webapps/railo/wheels/model/crud.cfm), first Argument (properties) is of invalid type, can't cast String [1] to a value of type [struct]"
"ERROR","web-0","03/19/2013","18:33:12","","key [URL_ID] doesn't exist in struct (keys:action,controller,user)"
"ERROR","web-0","03/19/2013","18:35:25","","key [URL_ID] doesn't exist in struct (keys:action,controller)"
"ERROR","web-0","03/19/2013","19:05:49","","variable [photos] doesn't exist"
"ERROR","web-0","03/19/2013","19:21:46","","Can't cast Object type [Component models.Photo] to a value of type [railo.runtime.type.Query]; Java type of the object is railo.runtime.ComponentImpl"
"ERROR","web-0","03/19/2013","19:29:55","","Component [models.Photo] has no accessible Member with name [URL]; enable [trigger data member] in admininistrator to also invoke getters and setters"
"ERROR","web-0","03/19/2013","19:45:58","","key [personperson_id] doesn't exist in struct (keys:person_id,uploaded_at,photo_id,url)"
"ERROR","web-0","03/19/2013","19:46:50","","key [personperson_id] doesn't exist in struct (keys:person_id,uploaded_at,photo_id,url)"
"ERROR","web-0","03/19/2013","19:46:57","","key [personperson_id] doesn't exist in struct (keys:person_id,uploaded_at,photo_id,url)"
"ERROR","web-0","03/19/2013","19:47:17","","The required parameter [photos] was not provided."
"ERROR","web-0","03/19/2013","19:47:47","","variable [photos] doesn't exist"
"ERROR","web-0","03/19/2013","19:47:55","","column [UPLOADEDAT] not found in query, columns are [photo_id,person_id,url,uploaded_at]"
"ERROR","web-0","03/19/2013","19:52:39","","key [personperson_id] doesn't exist in struct (keys:person_id,uploaded_at,photo_id,url)"
"ERROR","web-0","03/19/2013","19:56:51","","key [personperson_id] doesn't exist in struct (keys:person_id,uploaded_at,photo_id,url)"
"ERROR","web-0","03/19/2013","19:58:55","","key [personperson_id] doesn't exist in struct (keys:personid,uploaded_at,photo_id,url)"
"ERROR","web-0","03/19/2013","20:05:43","","key [ID] doesn't exist in struct (keys:PERSON_ID,URL_ID)"
"ERROR","web-0","03/19/2013","20:10:37","","variable [USER] doesn't exist"
"ERROR","web-0","03/19/2013","20:13:59","","Component [models.Person] has no accessible Member with name [PERSON_ID]; enable [trigger data member] in admininistrator to also invoke getters and setters"
"ERROR","web-0","03/19/2013","20:14:20","","Component [models.Person] has no accessible Member with name [PERSONID]; enable [trigger data member] in admininistrator to also invoke getters and setters"
"ERROR","web-0","03/19/2013","20:25:20","","tag [cfset] is not closed"
"ERROR","web-0","03/19/2013","20:44:13","","Invalid Syntax Closing [)] for function [textField] not found"
"ERROR","web-0","03/19/2013","20:49:03","","variable [USER] doesn't exist"
"ERROR","web-0","03/19/2013","20:53:00","","Component [models.Person] has no accessible Member with name [FIRST_NAME]; enable [trigger data member] in admininistrator to also invoke getters and setters"
"ERROR","web-0","03/19/2013","20:53:17","","Component [models.Person] has no accessible Member with name [FIRST_NAME]; enable [trigger data member] in admininistrator to also invoke getters and setters"
"ERROR","web-0","03/19/2013","21:49:33","","key [USER] doesn't exist in struct (keys:lastvisit,urltoken,cftoken,timecreated,sessionid,cfid)"
"ERROR","web-0","03/19/2013","21:52:31","","Invalid Syntax Closing [)] for function [photos] not found"
"ERROR","web-0","03/19/2013","21:52:36","","Invalid Syntax Closing [)] for function [photos] not found"
"ERROR","web-0","03/19/2013","21:58:20","","Missing argument name, when using named parameters to a function, every parameter must have a name [1:java.lang.String]."
"ERROR","web-0","03/19/2013","21:58:45","","Syntax Error, Invalid Construct"
"ERROR","web-0","03/19/2013","21:58:55","","Missing argument name, when using named parameters to a function, every parameter must have a name [0:java.lang.String]."
"ERROR","web-0","03/19/2013","22:17:30","","The parameter objectName to function hiddenField is required but was not passed in."
"ERROR","web-0","03/19/2013","22:21:28","","No matching Method/Function for Boolean.save() found"
"ERROR","web-0","03/19/2013","22:55:14","","Invalid Syntax Closing [)] for function [validatesLengthOf] not found"
"ERROR","web-0","03/19/2013","22:56:50","","No matching Method/Function [photos] for call with named arguments found "
"ERROR","web-0","03/19/2013","22:58:41","","No matching Method/Function [photos] for call with named arguments found "
"ERROR","web-0","03/19/2013","22:59:43","","No matching Method/Function [photos] for call with named arguments found "
"ERROR","web-0","03/19/2013","23:01:40","","No matching Method/Function [photos] for call with named arguments found "
"ERROR","web-0","03/19/2013","23:02:32","","No matching Method/Function for Boolean.update(struct) found"
"ERROR","web-0","03/19/2013","23:10:47","","key [IMAGE] doesn't exist in struct (keys:action,controller,user)"
"ERROR","web-0","03/19/2013","23:11:27","","invalid call of the function $query (/Applications/railo-express-4.0.2.002-macosx/webapps/railo/wheels/model/adapters/MySQL.cfc), 4th Argument (parameterize) is of invalid type, can't cast Object type [Struct] to a value of type [boolean]"
"ERROR","web-0","03/19/2013","23:16:17","","key [USER] doesn't exist in struct (keys:action,image,controller)"
"ERROR","web-0","03/19/2013","23:18:07","","invalid call of the function $quoteValue (/Applications/railo-express-4.0.2.002-macosx/webapps/railo/wheels/model/adapters/Base.cfc), first Argument (str) is of invalid type, can't cast Object type [Struct] to a value of type [string]"
"ERROR","web-0","03/19/2013","23:48:38","","No matching Method/Function [photos] for call with named arguments found "
"ERROR","web-0","03/19/2013","23:49:15","","No matching Method/Function [photos] for call with named arguments found "
"ERROR","web-0","03/21/2013","12:54:31","","key [USER] doesn't exist in struct (keys:FLASH,lastvisit,urltoken,cftoken,timecreated,sessionid,cfid)"
"ERROR","web-0","03/21/2013","12:54:31","","key [USER] doesn't exist in struct (keys:FLASH,lastvisit,urltoken,cftoken,timecreated,sessionid,cfid)"
"ERROR","web-0","03/21/2013","12:54:35","","key [USER] doesn't exist in struct (keys:FLASH,lastvisit,urltoken,cftoken,timecreated,sessionid,cfid)"
"ERROR","web-0","03/21/2013","12:54:36","","key [USER] doesn't exist in struct (keys:FLASH,lastvisit,urltoken,cftoken,timecreated,sessionid,cfid)"
"ERROR","web-0","03/21/2013","12:54:37","","key [USER] doesn't exist in struct (keys:FLASH,lastvisit,urltoken,cftoken,timecreated,sessionid,cfid)"
"ERROR","web-0","03/21/2013","14:05:35","","destination file [/Applications/railo-express-4.0.2.002-macosx/webapps/railo/images/panoramas/IMG_8096.jpeg] already exist"
"ERROR","web-0","03/21/2013","14:09:59","","key [IMAGE] doesn't exist in struct (keys:action,controller,user)"
"ERROR","web-0","03/21/2013","14:11:25","","destination file [/Applications/railo-express-4.0.2.002-macosx/webapps/railo/images/panoramas/IMG_8096.jpeg] already exist"
"ERROR","web-0","03/21/2013","14:31:36","","invalid call of the function new (/Applications/railo-express-4.0.2.002-macosx/webapps/railo/wheels/model/crud.cfm), first Argument (properties) is of invalid type, can't cast String [1] to a value of type [struct]"
"ERROR","web-0","03/21/2013","14:37:07","","destination file [/Applications/railo-express-4.0.2.002-macosx/webapps/railo/images/panoramas/IMG_8096.jpeg] already exist"
"ERROR","web-0","03/21/2013","14:37:18","","key [personperson_id] doesn't exist in struct (keys:person_id,uploaded_at,photo_id,url)"
"ERROR","web-0","03/21/2013","14:38:06","","key [personperson_id] doesn't exist in struct (keys:person_id,uploaded_at,photo_id,url)"
"ERROR","web-0","03/21/2013","14:39:45","","Component [models.Person] has no accessible Member with name [ID]; enable [trigger data member] in admininistrator to also invoke getters and setters"
"ERROR","web-0","03/21/2013","14:40:18","","destination file [/Applications/railo-express-4.0.2.002-macosx/webapps/railo/images/panoramas/IMG_8096.jpeg] already exist"
"ERROR","web-0","03/21/2013","14:42:41","","Component [models.Person] has no accessible Member with name [ID]; enable [trigger data member] in admininistrator to also invoke getters and setters"
"ERROR","web-0","03/21/2013","14:43:50","","column [FIRST_NAME] not found in query, columns are [photo_id,person_id,url,uploaded_at]"
"ERROR","web-0","03/21/2013","14:46:56","","key [personperson_id] doesn't exist in struct (keys:person_id,uploaded_at,photo_id,url)"
"ERROR","web-0","03/21/2013","15:03:41","","Component [models.Person] has no accessible Member with name [PERSON_ID]; enable [trigger data member] in admininistrator to also invoke getters and setters"
"ERROR","web-0","03/21/2013","15:04:57","","key [personid] doesn't exist in struct (keys:url_id,uploaded_at,photo_id,url)"
"ERROR","web-0","03/21/2013","15:08:59","","Component [models.Person] has no accessible Member with name [PERSON_ID]; enable [trigger data member] in admininistrator to also invoke getters and setters"
"ERROR","web-0","03/21/2013","15:10:20","","column [PERSON_ID] not found in query, columns are [photo_id,personid,url_id,url,uploaded_at]"
"ERROR","web-0","03/21/2013","15:13:39","","form field [user[url]] doesn't exist or has no content."
"ERROR","web-0","03/21/2013","18:09:56","","No matching function [MD5] found"
"ERROR","web-0","03/21/2013","18:18:59","","variable [PARAMAS] doesn't exist"
"ERROR","web-0","03/21/2013","18:24:08","","No matching property [ID] found in [boolean]"
"ERROR","web-0","03/21/2013","18:25:51","","No matching property [URL_ID] found in [boolean]"
"ERROR","web-0","03/21/2013","18:26:51","","No matching property [URL_ID] found in [boolean]"
"ERROR","web-0","03/21/2013","18:29:05","","No matching Method/Function [photos] for call with named arguments found "
"ERROR","web-0","03/21/2013","18:30:18","","No matching Method/Function [photos] for call with named arguments found "
"ERROR","web-0","03/21/2013","18:30:27","","No matching Method/Function [photos] for call with named arguments found "
"ERROR","web-0","03/21/2013","18:32:41","","No matching property [FIRST_NAME] found in [boolean]"
"ERROR","web-0","03/21/2013","18:34:56","","No matching property [FIRST_NAME] found in [boolean]"
"ERROR","web-0","03/21/2013","18:36:37","","Component [models.Person] has no accessible Member with name [PERSON_ID]; enable [trigger data member] in admininistrator to also invoke getters and setters"
"ERROR","web-0","03/21/2013","18:36:38","","Component [models.Person] has no accessible Member with name [PERSON_ID]; enable [trigger data member] in admininistrator to also invoke getters and setters"
"ERROR","web-0","03/21/2013","18:45:19","","Component [models.Person] has no accessible Member with name [PERSON_ID]; enable [trigger data member] in admininistrator to also invoke getters and setters"
"ERROR","web-0","03/21/2013","18:46:03","","Component [models.Person] has no accessible Member with name [PERSON_ID]; enable [trigger data member] in admininistrator to also invoke getters and setters"
"ERROR","web-0","03/21/2013","19:01:52","","variable [USER] doesn't exist"
"ERROR","web-0","03/21/2013","19:09:58","","key [USER] doesn't exist in struct (keys:ROUTE,url_id,ACTION,CONTROLLER)"
"ERROR","web-0","03/21/2013","19:10:30","","variable [URL_ID] doesn't exist"
"ERROR","web-0","03/21/2013","19:10:43","","No matching property [ID] found in [boolean]"
"ERROR","web-0","03/21/2013","19:11:24","","No matching Method/Function [photos] for call with named arguments found "
"ERROR","web-0","03/21/2013","19:17:18","","variable [PARAMAS] doesn't exist"
"ERROR","web-0","03/21/2013","19:41:13","","variable [NULL] doesn't exist"
"ERROR","web-0","03/21/2013","19:43:23","","No matching function [DATEFIELD] found"
"ERROR","web-0","03/21/2013","19:46:00","","The parameter name to function dateSelectTags is required but was not passed in."
"ERROR","web-0","03/21/2013","19:48:26","","variable [COMBINE] doesn't exist"
"ERROR","web-0","03/21/2013","19:54:54","","invalid call of the function dateSelect (/Applications/railo-express-4.0.2.002-macosx/webapps/railo/wheels/view/formsdateobject.cfm), 11th Argument (label) is of invalid type, can't cast Object type [Array] to a value of type [string]"
"ERROR","web-0","03/21/2013","19:55:26","","invalid argument for JSON struct, only named arguments are allowed like {name:""value"",name2:""value2""}"
"ERROR","web-0","03/21/2013","19:56:00","","invalid call of the function dateSelect (/Applications/railo-express-4.0.2.002-macosx/webapps/railo/wheels/view/formsdateobject.cfm), 11th Argument (label) is of invalid type, can't cast Object type [Struct] to a value of type [string]"
"ERROR","web-0","03/21/2013","20:42:04","","key [USER] doesn't exist in struct (keys:FLASH,lastvisit,LOGGEDIN,urltoken,cftoken,timecreated,sessionid,cfid)"
"ERROR","web-0","03/21/2013","21:54:32","","Value '0000-00-00' can not be represented as java.sql.Date"
"ERROR","web-0","03/21/2013","21:55:52","","Value '0000-00-00' can not be represented as java.sql.Date"
"ERROR","web-0","03/21/2013","21:55:58","","Value '0000-00-00' can not be represented as java.sql.Date"
"ERROR","web-0","03/21/2013","22:16:26","","key [USER] doesn't exist in struct (keys:FLASH,lastvisit,LOGGEDIN,urltoken,cftoken,timecreated,sessionid,cfid)"
"ERROR","web-0","03/21/2013","22:21:45","","key [USER] doesn't exist in struct (keys:FLASH,lastvisit,LOGGEDIN,urltoken,cftoken,timecreated,sessionid,cfid)"
"ERROR","web-0","03/21/2013","22:26:06","","key [USER] doesn't exist in struct (keys:FLASH,lastvisit,LOGGEDIN,urltoken,cftoken,timecreated,sessionid,cfid)"
"ERROR","web-0","03/21/2013","22:35:15","","No matching Method/Function for Boolean.update(struct) found"
"ERROR","web-0","03/21/2013","22:37:38","","No matching Method/Function for Boolean.update(struct) found"
"ERROR","web-0","03/21/2013","22:38:23","","No matching Method/Function for Boolean.update(struct) found"
"ERROR","web-0","03/21/2013","22:39:02","","No matching Method/Function for Boolean.hasErrors() found"
"ERROR","web-0","03/21/2013","22:39:26","","No matching Method/Function for Boolean.save() found"
"ERROR","web-0","03/21/2013","22:39:55","","No matching Method/Function for Boolean.update(struct) found"
"ERROR","web-0","03/21/2013","22:40:29","","No matching property [FIRST_NAME] found in [boolean]"
"ERROR","web-0","03/21/2013","22:44:33","","You have an error in your SQL syntax; check the manual that corresponds to your MySQL server version for the right syntax to use near ') 
LIMIT 1' at line 6"
"ERROR","web-0","03/21/2013","22:45:57","","The required parameter [user] was not provided."
"ERROR","web-0","03/21/2013","22:46:50","","You have an error in your SQL syntax; check the manual that corresponds to your MySQL server version for the right syntax to use near ') 
LIMIT 1' at line 6"
"ERROR","web-0","03/21/2013","22:47:06","","You have an error in your SQL syntax; check the manual that corresponds to your MySQL server version for the right syntax to use near ') 
LIMIT 1' at line 6"
"ERROR","web-0","03/21/2013","22:47:17","","You have an error in your SQL syntax; check the manual that corresponds to your MySQL server version for the right syntax to use near ') 
LIMIT 1' at line 6"
"ERROR","web-0","03/21/2013","22:48:12","","You have an error in your SQL syntax; check the manual that corresponds to your MySQL server version for the right syntax to use near ') 
LIMIT 1' at line 6"
"ERROR","web-0","03/21/2013","22:48:42","","Component [models.Person] has no accessible Member with name [URL_ID]; enable [trigger data member] in admininistrator to also invoke getters and setters"
"ERROR","web-0","03/21/2013","22:57:32","","key [ID] doesn't exist in struct (keys:personid,url_id,url)"
"ERROR","web-0","03/21/2013","23:06:09","","variable [FILE] doesn't exist"
"ERROR","web-0","03/21/2013","23:06:34","","No matching property [CLIENTFILE] found in [string]"
"ERROR","web-0","03/21/2013","23:17:08","","variable [RENAMED] doesn't exist"
"ERROR","web-0","03/21/2013","23:22:14","","tag [cfset] is not closed"
"ERROR","web-0","03/21/2013","23:23:03","","form field [user[url]] doesn't exist or has no content."
"ERROR","web-0","03/21/2013","23:32:24","","source file [/Applications/railo-express-4.0.2.002-macosx/webapps/railo/images/panoramas/1csang1csangIMG_8096.jpeg] is not a file"
"ERROR","web-0","03/21/2013","23:32:57","","variable [IMAGE] doesn't exist"
"ERROR","web-0","03/21/2013","23:33:24","","source file [/Applications/railo-express-4.0.2.002-macosx/webapps/railo/images/panoramas/1csang1csangIMG_8096.jpeg] is not a file"
"ERROR","web-0","03/21/2013","23:33:42","","source file [/Applications/railo-express-4.0.2.002-macosx/webapps/railo/images/panoramas/csang1csangIMG_8096.jpeg] is not a file"
"ERROR","web-0","03/21/2013","23:33:55","","source file [/Applications/railo-express-4.0.2.002-macosx/webapps/railo/images/panoramas/1csangIMG_8096.jpeg] is not a file"
"ERROR","web-0","03/21/2013","23:34:42","","variable [IMAGE] doesn't exist"
"ERROR","web-0","03/21/2013","23:36:22","","variable [IMAGE] doesn't exist"
"ERROR","web-0","03/21/2013","23:38:30","","variable [IMAGE] doesn't exist"
"ERROR","web-0","03/21/2013","23:42:16","","variable [IMAGE] doesn't exist"
"ERROR","web-0","03/21/2013","23:43:30","","variable [IMAGE] doesn't exist"
"ERROR","web-0","03/21/2013","23:44:26","","variable [IMAGE] doesn't exist"
"ERROR","web-0","03/21/2013","23:45:36","","variable [IMAGE] doesn't exist"
"ERROR","web-0","03/21/2013","23:48:53","","variable [IMAGE] doesn't exist"
"ERROR","web-0","03/21/2013","23:52:35","","variable [IMAGE] doesn't exist"
"ERROR","web-0","03/21/2013","23:54:38","","variable [IMAGE] doesn't exist"
"ERROR","web-0","03/21/2013","23:55:24","","source file [/Applications/railo-express-4.0.2.002-macosx/webapps/railo/images/panoramas/a] is not a file"
"ERROR","web-0","03/21/2013","23:55:44","","source file [/Applications/railo-express-4.0.2.002-macosx/webapps/railo/images/panoramas/1csangIMG_8096.jpeg] is not a file"
"ERROR","web-0","03/21/2013","23:57:08","","source file [/Applications/railo-express-4.0.2.002-macosx/webapps/railo/images/panoramas/1csangIMG_8096.jpeg] is not a file"
"ERROR","web-0","03/21/2013","23:58:10","","source file [/Applications/railo-express-4.0.2.002-macosx/webapps/railo/models/images/panoramas/1csangIMG_8096.jpeg] is not a file"
"ERROR","web-0","03/21/2013","23:58:30","","variable [IMAGE] doesn't exist"
"ERROR","web-0","03/22/2013","00:00:14","","source file [/Applications/railo-express-4.0.2.002-macosx/webapps/railo/images/panoramas/1csangIMG_8096.jpeg] is not a file"
"ERROR","web-0","03/22/2013","00:00:25","","variable [IMAGE] doesn't exist"
"ERROR","web-0","03/22/2013","00:00:57","","variable [IMAGES] doesn't exist"
"ERROR","web-0","03/22/2013","00:01:39","","variable [IMAGE] doesn't exist"
"ERROR","web-0","03/22/2013","00:01:51","","variable [IMAGE] doesn't exist"
"ERROR","web-0","03/22/2013","00:02:15","","variable [IMAGE] doesn't exist"
"ERROR","web-0","03/22/2013","00:02:42","","variable [IMAGE] doesn't exist"
"ERROR","web-0","03/22/2013","00:03:04","","variable [IMAGE] doesn't exist"
"ERROR","web-0","03/22/2013","00:03:22","","variable [IMAGE] doesn't exist"
"ERROR","web-0","03/22/2013","00:03:32","","variable [IMAGE] doesn't exist"
"ERROR","web-0","03/22/2013","01:26:28","","source file [/Applications/railo-express-4.0.2.002-macosx/webapps/railo/images/panoramas/csangIMG_8096.jpegMarch2220130125] is not a file"
"ERROR","web-0","03/25/2013","22:22:59","","key [USER] doesn't exist in struct (keys:lastvisit,urltoken,cftoken,timecreated,sessionid,cfid)"
"ERROR","web-0","03/25/2013","22:24:58","","key [USER] doesn't exist in struct (keys:lastvisit,urltoken,cftoken,timecreated,sessionid,cfid)"
"ERROR","web-0","03/25/2013","22:25:39","","key [USER] doesn't exist in struct (keys:lastvisit,urltoken,cftoken,timecreated,sessionid,cfid)"
"ERROR","web-0","03/25/2013","22:26:04","","key [USER] doesn't exist in struct (keys:lastvisit,urltoken,cftoken,timecreated,sessionid,cfid)"
"ERROR","web-0","03/25/2013","22:26:47","","key [USER] doesn't exist in struct (keys:lastvisit,urltoken,cftoken,timecreated,sessionid,cfid)"
"ERROR","web-0","03/25/2013","22:28:43","","tag [cfif] is not closed"
"ERROR","web-0","03/25/2013","22:28:51","","Can't cast Complex Object Type Struct to String; Use Built-In-Function ""serialize(Struct):String"" to create a String from Struct"
"ERROR","web-0","03/25/2013","22:30:39","","key [USER] doesn't exist in struct (keys:lastvisit,urltoken,cftoken,timecreated,sessionid,cfid)"
"ERROR","web-0","03/25/2013","22:32:00","","key [USER] doesn't exist in struct (keys:lastvisit,urltoken,cftoken,timecreated,sessionid,cfid)"
"ERROR","web-0","03/25/2013","22:33:04","","Can't cast Complex Object Type Struct to String; Use Built-In-Function ""serialize(Struct):String"" to create a String from Struct"
"ERROR","web-0","03/25/2013","22:33:59","","key [USER] doesn't exist in struct (keys:lastvisit,urltoken,cftoken,timecreated,sessionid,cfid)"
"ERROR","web-0","03/25/2013","22:35:21","","too few attributes in function [StructKeyExists]"
"ERROR","web-0","03/25/2013","22:36:45","","Can't cast Component [Person] to String"
"ERROR","web-0","03/25/2013","22:52:01","","Invalid Syntax Closing [)] for function [startFormTag] not found"
"ERROR","web-0","03/26/2013","01:46:31","","key [GENDER] doesn't exist in struct (keys:first_name,email,url_id,last_name,password,passwordConfirmation)"
"ERROR","web-0","03/26/2013","01:46:59","","invalid call of the function new (/Applications/railo-express-4.0.2.002-macosx/webapps/railo/wheels/model/crud.cfm), first Argument (properties) is of invalid type, can't cast String [] to a value of type [struct]"
"ERROR","web-0","03/26/2013","01:47:23","","invalid call of the function new (/Applications/railo-express-4.0.2.002-macosx/webapps/railo/wheels/model/crud.cfm), first Argument (properties) is of invalid type, can't cast String [] to a value of type [struct]"
"ERROR","web-0","03/26/2013","01:47:28","","invalid call of the function new (/Applications/railo-express-4.0.2.002-macosx/webapps/railo/wheels/model/crud.cfm), first Argument (properties) is of invalid type, can't cast String [] to a value of type [struct]"
"ERROR","web-0","03/26/2013","02:03:54","","key [FILE] doesn't exist in struct (keys:photo_id,url)"
"ERROR","web-0","03/26/2013","02:05:24","","key [FILE] doesn't exist in struct (keys:photo_id,url)"
"ERROR","web-0","03/26/2013","02:06:22","","form field [user[url]] is not a file field."
"ERROR","web-0","03/26/2013","02:07:12","","form field [user[file]] doesn't exist or has no content."
"ERROR","web-0","03/26/2013","02:12:33","","The MIME type of the uploaded file [application/vnd.ms-powerpoint] was not accepted by the server.; only this [image/jpg, image/jpeg, image/png, image/gif] mime type are accepted"
"ERROR","web-0","03/26/2013","02:15:24","","End Tag [cfelse] is not allowed, for this tag only a Start Tag is allowed"
"ERROR","web-0","03/26/2013","02:16:07","","The MIME type of the uploaded file [application/pdf] was not accepted by the server.; only this [image/jpg, image/jpeg, image/png, image/gif] mime type are accepted"
"ERROR","web-0","03/26/2013","02:19:59","","The MIME type of the uploaded file [application/pdf] was not accepted by the server.; only this [image/jpg, image/jpeg, image/png, image/gif] mime type are accepted"
"ERROR","web-0","03/26/2013","02:24:38","","The parameter extension to function mimeTypes is required but was not passed in."
"ERROR","web-0","03/26/2013","02:25:38","","The parameter extension to function mimeTypes is required but was not passed in."
"ERROR","web-0","03/26/2013","02:26:13","","variable [PFILE] doesn't exist"
"ERROR","web-0","03/26/2013","02:33:49","","source file [/Applications/railo-express-4.0.2.002-macosx/webapps/railo/images/panoramas/Applications/railo-express-4.0.2.002-macosx/webapps/railo/WEB-INF/railo/temp/tmp-81.upload] is not a file"
"ERROR","web-0","03/26/2013","03:13:08","","Component [models.Person] has no accessible Member with name [ADMIN]; enable [trigger data member] in admininistrator to also invoke getters and setters"
"ERROR","web-0","03/26/2013","03:15:58","","Component [models.Person] has no accessible Member with name [ADMIN]; enable [trigger data member] in admininistrator to also invoke getters and setters"
"ERROR","web-0","03/26/2013","03:16:38","","Component [models.Person] has no accessible Member with name [ADMIN]; enable [trigger data member] in admininistrator to also invoke getters and setters"
"ERROR","web-0","03/26/2013","03:19:41","","Component [models.Person] has no accessible Member with name [ADMIN]; enable [trigger data member] in admininistrator to also invoke getters and setters"
"ERROR","web-0","03/26/2013","03:21:59","","No matching property [ADMIN] found in [boolean]"
"ERROR","web-0","03/26/2013","03:23:44","","No matching property [ADMIN] found in [boolean]"
"ERROR","web-0","03/26/2013","03:25:59","","Component [models.Person] has no accessible Member with name [PERSONID]; enable [trigger data member] in admininistrator to also invoke getters and setters"
